<?xml version="1.0" encoding="UTF-8"?>
<testsuite name="com.pervasivecode.utils.stats.histogram.ImmutableHistogramTest" tests="10" skipped="0" failures="0" errors="0" timestamp="2018-11-13T03:43:25" hostname="Jamies-MacBook-Pro.local" time="0.013">
  <properties/>
  <testcase name="builder_withEmptyCounts_shouldThrow" classname="com.pervasivecode.utils.stats.histogram.ImmutableHistogramTest" time="0.003"/>
  <testcase name="builder_withNoBucketUpperBounds_shouldThrow" classname="com.pervasivecode.utils.stats.histogram.ImmutableHistogramTest" time="0.005"/>
  <testcase name="builder_withNoCounts_shouldThrow" classname="com.pervasivecode.utils.stats.histogram.ImmutableHistogramTest" time="0.001"/>
  <testcase name="builder_withEmptyBucketUpperBounds_shouldBuild" classname="com.pervasivecode.utils.stats.histogram.ImmutableHistogramTest" time="0.0"/>
  <testcase name="copyOf_withValidHistogram_shouldWork" classname="com.pervasivecode.utils.stats.histogram.ImmutableHistogramTest" time="0.001"/>
  <testcase name="numInBucket_shouldWork" classname="com.pervasivecode.utils.stats.histogram.ImmutableHistogramTest" time="0.001"/>
  <testcase name="bucketUpperBound_withLastBucketIndex_shouldThrow" classname="com.pervasivecode.utils.stats.histogram.ImmutableHistogramTest" time="0.0"/>
  <testcase name="builder_withWrongNumberOfUpperBounds_shouldThrow" classname="com.pervasivecode.utils.stats.histogram.ImmutableHistogramTest" time="0.0"/>
  <testcase name="bucketUpperBound_shouldWork" classname="com.pervasivecode.utils.stats.histogram.ImmutableHistogramTest" time="0.0"/>
  <testcase name="builder_withAllRequiredProperties_shouldBuild" classname="com.pervasivecode.utils.stats.histogram.ImmutableHistogramTest" time="0.0"/>
  <system-out><![CDATA[]]></system-out>
  <system-err><![CDATA[]]></system-err>
</testsuite>
