<?xml version="1.0" encoding="UTF-8"?>
<testsuite name="com.pervasivecode.utils.stats.SimpleDurationEstimatorTest" tests="2" skipped="0" failures="0" errors="0" timestamp="2018-11-13T03:43:25" hostname="Jamies-MacBook-Pro.local" time="0.017">
  <properties/>
  <testcase name="estimateSecondsLeft_shouldBeBasedOnTimeSourceAndAmountSoFarAndAmountLeft" classname="com.pervasivecode.utils.stats.SimpleDurationEstimatorTest" time="0.015"/>
  <testcase name="elapsedRate_shouldBeBasedOnTimeSourceAndAmountSoFar" classname="com.pervasivecode.utils.stats.SimpleDurationEstimatorTest" time="0.001"/>
  <system-out><![CDATA[]]></system-out>
  <system-err><![CDATA[]]></system-err>
</testsuite>
