<?xml version="1.0" encoding="UTF-8"?>
<testsuite name="com.pervasivecode.utils.stats.histogram.ConcurrentHistogramTest" tests="3" skipped="0" failures="0" errors="0" timestamp="2018-11-13T03:43:25" hostname="Jamies-MacBook-Pro.local" time="0.351">
  <properties/>
  <testcase name="countInBucket_shouldChangeAfterCountValue" classname="com.pervasivecode.utils.stats.histogram.ConcurrentHistogramTest" time="0.35"/>
  <testcase name="bucketUpperBound_shouldMatchBucketSelector" classname="com.pervasivecode.utils.stats.histogram.ConcurrentHistogramTest" time="0.001"/>
  <testcase name="numBuckets_shouldMatchBucketSelector" classname="com.pervasivecode.utils.stats.histogram.ConcurrentHistogramTest" time="0.0"/>
  <system-out><![CDATA[]]></system-out>
  <system-err><![CDATA[]]></system-err>
</testsuite>
