<?xml version="1.0" encoding="UTF-8"?>
<testsuite name="com.pervasivecode.utils.stats.histogram.measure.QuantityBucketSelectorsTest" tests="6" skipped="0" failures="0" errors="0" timestamp="2018-11-13T03:36:08" hostname="Jamies-MacBook-Pro.local" time="0.075">
  <properties/>
  <testcase name="linear_shouldReturnUpperBoundsCorrectly" classname="com.pervasivecode.utils.stats.histogram.measure.QuantityBucketSelectorsTest" time="0.054"/>
  <testcase name="powerOf2_shouldBucketCorrectly" classname="com.pervasivecode.utils.stats.histogram.measure.QuantityBucketSelectorsTest" time="0.001"/>
  <testcase name="exponential_shouldReturnUpperBoundsCorrectly" classname="com.pervasivecode.utils.stats.histogram.measure.QuantityBucketSelectorsTest" time="0.017"/>
  <testcase name="linear_shouldBucketCorrectly" classname="com.pervasivecode.utils.stats.histogram.measure.QuantityBucketSelectorsTest" time="0.0"/>
  <testcase name="powerOf2_shouldReturnUpperBoundsCorrectly" classname="com.pervasivecode.utils.stats.histogram.measure.QuantityBucketSelectorsTest" time="0.0"/>
  <testcase name="exponential_shouldBucketCorrectly" classname="com.pervasivecode.utils.stats.histogram.measure.QuantityBucketSelectorsTest" time="0.001"/>
  <system-out><![CDATA[]]></system-out>
  <system-err><![CDATA[]]></system-err>
</testsuite>
