<?xml version="1.0" encoding="UTF-8"?>
<testsuite name="com.pervasivecode.utils.stats.histogram.measure.ConsoleHistogramQuantityFormatterTest" tests="2" skipped="0" failures="0" errors="0" timestamp="2018-11-13T03:36:08" hostname="Jamies-MacBook-Pro.local" time="0.005">
  <properties/>
  <testcase name="format_withThreeValues" classname="com.pervasivecode.utils.stats.histogram.measure.ConsoleHistogramQuantityFormatterTest" time="0.004"/>
  <testcase name="format_withOneValue" classname="com.pervasivecode.utils.stats.histogram.measure.ConsoleHistogramQuantityFormatterTest" time="0.001"/>
  <system-out><![CDATA[]]></system-out>
  <system-err><![CDATA[]]></system-err>
</testsuite>
